Debugger listening on ws://127.0.0.1:52050/81de2344-58a2-4932-92e7-0ba2b24f7f87
For help, see: https://nodejs.org/en/docs/inspector
Debugger attached.

> eventora-backend@1.0.0 dev
> nodemon server.js

Debugger listening on ws://127.0.0.1:52054/ebcdb548-81d3-4022-848a-4959e0ffe07e
For help, see: https://nodejs.org/en/docs/inspector
Debugger attached.
[33m[nodemon] 3.1.14[39m
[33m[nodemon] to restart at any time, enter `rs`[39m
[33m[nodemon] watching path(s): *.*[39m
[33m[nodemon] watching extensions: js,mjs,cjs,json[39m
[32m[nodemon] starting `node server.js`[39m
Debugger listening on ws://127.0.0.1:52056/911d0d01-a747-4f1d-82c5-e73337fb95de
For help, see: https://nodejs.org/en/docs/inspector
Debugger attached.
✅ MongoDB connected
🚀 Eventora backend running on http://localhost:5001
Debugger ending on ws://127.0.0.1:52054/ebcdb548-81d3-4022-848a-4959e0ffe07e
For help, see: https://nodejs.org/en/docs/inspector
[32m[nodemon] restarting child process[39m
[32m[nodemon] starting `node server.js`[39m
Debugger listening on ws://127.0.0.1:52459/865f096a-8af9-45b6-9b71-4036c3cf081b
For help, see: https://nodejs.org/en/docs/inspector
Debugger attached.
Debugger ending on ws://127.0.0.1:52459/865f096a-8af9-45b6-9b71-4036c3cf081b
For help, see: https://nodejs.org/en/docs/inspector
✅ MongoDB connected
🚀 Eventora backend running on http://localhost:5001
TMDB trending error: getaddrinfo ENOTFOUND api.themoviedb.org
TMDB now playing error: getaddrinfo ENOTFOUND api.themoviedb.org
TMDB upcoming error: getaddrinfo ENOTFOUND api.themoviedb.org
TMDB now playing error: getaddrinfo ENOTFOUND api.themoviedb.org
TMDB upcoming error: getaddrinfo ENOTFOUND api.themoviedb.org
TMDB trending error: getaddrinfo ENOTFOUND api.themoviedb.org
TMDB trending error: getaddrinfo ENOTFOUND api.themoviedb.org
TMDB trending error: getaddrinfo ENOTFOUND api.themoviedb.org
TMDB trending error: getaddrinfo ENOTFOUND api.themoviedb.org
TMDB trending error: getaddrinfo ENOTFOUND api.themoviedb.org
TMDB trending error: getaddrinfo ENOTFOUND api.themoviedb.org
TMDB now playing error: getaddrinfo ENOTFOUND api.themoviedb.org
TMDB upcoming error: getaddrinfo ENOTFOUND api.themoviedb.org
TMDB trending error: getaddrinfo ENOTFOUND api.themoviedb.org
TMDB now playing error: getaddrinfo ENOTFOUND api.themoviedb.org
TMDB upcoming error: getaddrinfo ENOTFOUND api.themoviedb.org
TMDB trending error: getaddrinfo ENOTFOUND api.themoviedb.org
TMDB trending error: getaddrinfo ENOTFOUND api.themoviedb.org
TMDB trending error: getaddrinfo ENOTFOUND api.themoviedb.org
TMDB trending error: getaddrinfo ENOTFOUND api.themoviedb.org
TMDB trending error: getaddrinfo ENOTFOUND api.themoviedb.org
TMDB now playing error: getaddrinfo ENOTFOUND api.themoviedb.org
TMDB upcoming error: getaddrinfo ENOTFOUND api.themoviedb.org
TMDB now playing error: getaddrinfo ENOTFOUND api.themoviedb.org
TMDB trending error: getaddrinfo ENOTFOUND api.themoviedb.org
TMDB upcoming error: getaddrinfo ENOTFOUND api.themoviedb.org
TMDB trending error: getaddrinfo ENOTFOUND api.themoviedb.org
TMDB trending error: getaddrinfo ENOTFOUND api.themoviedb.org
TMDB trending error: getaddrinfo ENOTFOUND api.themoviedb.org
TMDB trending error: getaddrinfo ENOTFOUND api.themoviedb.org
TMDB trending error: getaddrinfo ENOTFOUND api.themoviedb.org
TMDB trending error: getaddrinfo ENOTFOUND api.themoviedb.org
TMDB now playing error: getaddrinfo ENOTFOUND api.themoviedb.org
TMDB upcoming error: getaddrinfo ENOTFOUND api.themoviedb.org
TMDB now playing error: getaddrinfo ENOTFOUND api.themoviedb.org
TMDB trending error: getaddrinfo ENOTFOUND api.themoviedb.org
TMDB upcoming error: getaddrinfo ENOTFOUND api.themoviedb.org
TMDB trending error: getaddrinfo ENOTFOUND api.themoviedb.org
TMDB trending error: getaddrinfo ENOTFOUND api.themoviedb.org
TMDB trending error: getaddrinfo ENOTFOUND api.themoviedb.org
TMDB trending error: getaddrinfo ENOTFOUND api.themoviedb.org
TMDB trending error: getaddrinfo ENOTFOUND api.themoviedb.org
TMDB now playing error: getaddrinfo ENOTFOUND api.themoviedb.org
TMDB upcoming error: getaddrinfo ENOTFOUND api.themoviedb.org
TMDB now playing error: getaddrinfo ENOTFOUND api.themoviedb.org
TMDB upcoming error: getaddrinfo ENOTFOUND api.themoviedb.org
TMDB trending error: getaddrinfo ENOTFOUND api.themoviedb.org
TMDB trending error: getaddrinfo ENOTFOUND api.themoviedb.org
TMDB trending error: getaddrinfo ENOTFOUND api.themoviedb.org
TMDB trending error: getaddrinfo ENOTFOUND api.themoviedb.org
TMDB now playing error: getaddrinfo ENOTFOUND api.themoviedb.org
TMDB upcoming error: getaddrinfo ENOTFOUND api.themoviedb.org
TMDB trending error: getaddrinfo ENOTFOUND api.themoviedb.org
TMDB now playing error: getaddrinfo ENOTFOUND api.themoviedb.org
TMDB upcoming error: getaddrinfo ENOTFOUND api.themoviedb.org
TMDB trending error: getaddrinfo ENOTFOUND api.themoviedb.org
TMDB trending error: getaddrinfo ENOTFOUND api.themoviedb.org
TMDB trending error: getaddrinfo ENOTFOUND api.themoviedb.org
TMDB now playing error: getaddrinfo ENOTFOUND api.themoviedb.org
TMDB upcoming error: getaddrinfo ENOTFOUND api.themoviedb.org
TMDB now playing error: getaddrinfo ENOTFOUND api.themoviedb.org
TMDB trending error: getaddrinfo ENOTFOUND api.themoviedb.org
TMDB upcoming error: getaddrinfo ENOTFOUND api.themoviedb.org
TMDB trending error: getaddrinfo ENOTFOUND api.themoviedb.org
TMDB trending error: getaddrinfo ENOTFOUND api.themoviedb.org
TMDB trending error: getaddrinfo ENOTFOUND api.themoviedb.org
TMDB now playing error: getaddrinfo ENOTFOUND api.themoviedb.org
TMDB upcoming error: getaddrinfo ENOTFOUND api.themoviedb.org
TMDB trending error: getaddrinfo ENOTFOUND api.themoviedb.org
TMDB now playing error: getaddrinfo ENOTFOUND api.themoviedb.org
TMDB upcoming error: getaddrinfo ENOTFOUND api.themoviedb.org
TMDB trending error: getaddrinfo ENOTFOUND api.themoviedb.org
TMDB trending error: getaddrinfo ENOTFOUND api.themoviedb.org
TMDB trending error: getaddrinfo ENOTFOUND api.themoviedb.org
TMDB trending error: getaddrinfo ENOTFOUND api.themoviedb.org
TMDB trending error: getaddrinfo ENOTFOUND api.themoviedb.org
TMDB now playing error: getaddrinfo ENOTFOUND api.themoviedb.org
TMDB upcoming error: getaddrinfo ENOTFOUND api.themoviedb.org
TMDB trending error: getaddrinfo ENOTFOUND api.themoviedb.org
TMDB now playing error: getaddrinfo ENOTFOUND api.themoviedb.org
TMDB upcoming error: getaddrinfo ENOTFOUND api.themoviedb.org
TMDB trending error: getaddrinfo ENOTFOUND api.themoviedb.org
TMDB trending error: getaddrinfo ENOTFOUND api.themoviedb.org
TMDB trending error: getaddrinfo ENOTFOUND api.themoviedb.org
TMDB now playing error: getaddrinfo ENOTFOUND api.themoviedb.org
TMDB upcoming error: getaddrinfo ENOTFOUND api.themoviedb.org
TMDB trending error: getaddrinfo ENOTFOUND api.themoviedb.org
TMDB now playing error: getaddrinfo ENOTFOUND api.themoviedb.org
TMDB upcoming error: getaddrinfo ENOTFOUND api.themoviedb.org
TMDB trending error: getaddrinfo ENOTFOUND api.themoviedb.org
TMDB trending error: getaddrinfo ENOTFOUND api.themoviedb.org
TMDB trending error: getaddrinfo ENOTFOUND api.themoviedb.org
TMDB trending error: getaddrinfo ENOTFOUND api.themoviedb.org
TMDB trending error: getaddrinfo ENOTFOUND api.themoviedb.org
TMDB now playing error: getaddrinfo ENOTFOUND api.themoviedb.org
TMDB upcoming error: getaddrinfo ENOTFOUND api.themoviedb.org
TMDB trending error: getaddrinfo ENOTFOUND api.themoviedb.org
TMDB now playing error: getaddrinfo ENOTFOUND api.themoviedb.org
TMDB upcoming error: getaddrinfo ENOTFOUND api.themoviedb.org
TMDB trending error: getaddrinfo ENOTFOUND api.themoviedb.org
TMDB trending error: getaddrinfo ENOTFOUND api.themoviedb.org
TMDB trending error: getaddrinfo ENOTFOUND api.themoviedb.org
TMDB trending error: getaddrinfo ENOTFOUND api.themoviedb.org
TMDB now playing error: getaddrinfo ENOTFOUND api.themoviedb.org
TMDB trending error: getaddrinfo ENOTFOUND api.themoviedb.org
TMDB upcoming error: getaddrinfo ENOTFOUND api.themoviedb.org
TMDB now playing error: getaddrinfo ENOTFOUND api.themoviedb.org
TMDB trending error: getaddrinfo ENOTFOUND api.themoviedb.org
TMDB upcoming error: getaddrinfo ENOTFOUND api.themoviedb.org
TMDB trending error: getaddrinfo ENOTFOUND api.themoviedb.org
TMDB trending error: getaddrinfo ENOTFOUND api.themoviedb.org
TMDB trending error: getaddrinfo ENOTFOUND api.themoviedb.org
TMDB trending error: getaddrinfo ENOTFOUND api.themoviedb.org
TMDB trending error: getaddrinfo ENOTFOUND api.themoviedb.org
TMDB now playing error: getaddrinfo ENOTFOUND api.themoviedb.org
TMDB upcoming error: getaddrinfo ENOTFOUND api.themoviedb.org
TMDB trending error: getaddrinfo ENOTFOUND api.themoviedb.org
TMDB now playing error: getaddrinfo ENOTFOUND api.themoviedb.org
TMDB upcoming error: getaddrinfo ENOTFOUND api.themoviedb.org
TMDB trending error: getaddrinfo ENOTFOUND api.themoviedb.org
TMDB trending error: getaddrinfo ENOTFOUND api.themoviedb.org
TMDB trending error: getaddrinfo ENOTFOUND api.themoviedb.org
TMDB trending error: getaddrinfo ENOTFOUND api.themoviedb.org
TMDB trending error: getaddrinfo ENOTFOUND api.themoviedb.org
TMDB now playing error: getaddrinfo ENOTFOUND api.themoviedb.org
TMDB upcoming error: getaddrinfo ENOTFOUND api.themoviedb.org
TMDB trending error: getaddrinfo ENOTFOUND api.themoviedb.org
TMDB now playing error: getaddrinfo ENOTFOUND api.themoviedb.org
TMDB upcoming error: getaddrinfo ENOTFOUND api.themoviedb.org
TMDB trending error: getaddrinfo ENOTFOUND api.themoviedb.org
TMDB trending error: getaddrinfo ENOTFOUND api.themoviedb.org
TMDB trending error: getaddrinfo ENOTFOUND api.themoviedb.org
TMDB now playing error: getaddrinfo ENOTFOUND api.themoviedb.org
TMDB upcoming error: getaddrinfo ENOTFOUND api.themoviedb.org
TMDB trending error: getaddrinfo ENOTFOUND api.themoviedb.org
TMDB now playing error: getaddrinfo ENOTFOUND api.themoviedb.org
TMDB upcoming error: getaddrinfo ENOTFOUND api.themoviedb.org
TMDB trending error: getaddrinfo ENOTFOUND api.themoviedb.org
TMDB trending error: getaddrinfo ENOTFOUND api.themoviedb.org
TMDB trending error: getaddrinfo ENOTFOUND api.themoviedb.org
TMDB trending error: getaddrinfo ENOTFOUND api.themoviedb.org
TMDB trending error: getaddrinfo ENOTFOUND api.themoviedb.org
TMDB now playing error: getaddrinfo ENOTFOUND api.themoviedb.org
TMDB upcoming error: getaddrinfo ENOTFOUND api.themoviedb.org
TMDB trending error: getaddrinfo ENOTFOUND api.themoviedb.org
TMDB now playing error: getaddrinfo ENOTFOUND api.themoviedb.org
TMDB upcoming error: getaddrinfo ENOTFOUND api.themoviedb.org
TMDB trending error: getaddrinfo ENOTFOUND api.themoviedb.org
TMDB trending error: getaddrinfo ENOTFOUND api.themoviedb.org
TMDB trending error: getaddrinfo ENOTFOUND api.themoviedb.org
TMDB trending error: getaddrinfo ENOTFOUND api.themoviedb.org
TMDB trending error: getaddrinfo ENOTFOUND api.themoviedb.org
TMDB now playing error: getaddrinfo ENOTFOUND api.themoviedb.org
TMDB upcoming error: getaddrinfo ENOTFOUND api.themoviedb.org
TMDB trending error: getaddrinfo ENOTFOUND api.themoviedb.org
TMDB now playing error: getaddrinfo ENOTFOUND api.themoviedb.org
TMDB upcoming error: getaddrinfo ENOTFOUND api.themoviedb.org
TMDB trending error: getaddrinfo ENOTFOUND api.themoviedb.org
TMDB trending error: getaddrinfo ENOTFOUND api.themoviedb.org
TMDB trending error: getaddrinfo ENOTFOUND api.themoviedb.org
TMDB trending error: getaddrinfo ENOTFOUND api.themoviedb.org
TMDB trending error: getaddrinfo ENOTFOUND api.themoviedb.org
TMDB now playing error: getaddrinfo ENOTFOUND api.themoviedb.org
TMDB upcoming error: getaddrinfo ENOTFOUND api.themoviedb.org
TMDB trending error: getaddrinfo ENOTFOUND api.themoviedb.org
TMDB now playing error: getaddrinfo ENOTFOUND api.themoviedb.org
TMDB upcoming error: getaddrinfo ENOTFOUND api.themoviedb.org
[32m[nodemon] restarting due to changes...[39m
[32m[nodemon] starting `node server.js`[39m
Debugger listening on ws://127.0.0.1:52714/7c4355b2-152b-40f6-8dfb-cde086fbd354
For help, see: https://nodejs.org/en/docs/inspector
Debugger attached.
Debugger ending on ws://127.0.0.1:52714/7c4355b2-152b-40f6-8dfb-cde086fbd354
For help, see: https://nodejs.org/en/docs/inspector
✅ MongoDB connected
🚀 Eventora backend running on http://localhost:5001
[32m[nodemon] restarting due to changes...[39m
[32m[nodemon] starting `node server.js`[39m
Debugger listening on ws://127.0.0.1:52720/118b9461-5ac3-40ae-805e-53f5a72cb590
For help, see: https://nodejs.org/en/docs/inspector
Debugger attached.
Debugger ending on ws://127.0.0.1:52720/118b9461-5ac3-40ae-805e-53f5a72cb590
For help, see: https://nodejs.org/en/docs/inspector
[32m[nodemon] restarting due to changes...[39m
[32m[nodemon] starting `node server.js`[39m
Debugger listening on ws://127.0.0.1:52731/c2903233-bc4d-4792-8aac-d5edc1a0511b
For help, see: https://nodejs.org/en/docs/inspector
Debugger attached.
Debugger ending on ws://127.0.0.1:52731/c2903233-bc4d-4792-8aac-d5edc1a0511b
For help, see: https://nodejs.org/en/docs/inspector
✅ MongoDB connected
🚀 Eventora backend running on http://localhost:5001
